[00:13:12] [Server thread/INFO]: waldo1108 lost connection: Disconnected
[00:13:12] [Server thread/INFO]: waldo1108 left the game
[00:14:13] [User Authenticator #18/INFO]: UUID of player Soyjaktherippa is bf9a3729-67df-48d9-802d-7b8333d8a529
[00:14:14] [Server thread/INFO]: Soyjaktherippa (bf9a3729-67df-48d9-802d-7b8333d8a529) lost connection: Disconnected
[00:32:20] [User Authenticator #19/INFO]: UUID of player Nerhpe is b884cf5a-9d13-495a-9d0e-1a2021182785
[00:32:21] [Server thread/INFO]: Nerhpe[/127.0.0.1:54245] logged in with entity id 123233 at (304.7919303372371, 70.0, 256.38954454959696)
[00:32:21] [Server thread/INFO]: Nerhpe joined the game
[00:33:14] [Server thread/INFO]: Flameyx was slain by Phantom
[00:33:25] [Server thread/INFO]: Nerhpe lost connection: Disconnected
[00:33:25] [Server thread/INFO]: Nerhpe left the game
[00:53:38] [Netty Server IO #26/ERROR]: Error sending packet clientbound/minecraft:disconnect
io.netty.handler.codec.EncoderException: Sending unknown packet 'clientbound/minecraft:disconnect'
	at knot/net.minecraft.class_9136.method_56426(class_9136.java:50) ~[server-intermediary.jar:?]
	at knot/net.minecraft.class_9136.encode(class_9136.java:14) ~[server-intermediary.jar:?]
	at knot/net.minecraft.class_2545.method_10838(class_2545.java:26) [server-intermediary.jar:?]
	at knot/net.minecraft.class_2545.encode(class_2545.java:12) [server-intermediary.jar:?]
	at knot/io.netty.handler.codec.MessageToByteEncoder.write(MessageToByteEncoder.java:107) [netty-codec-4.1.118.Final.jar:?]
	at knot/io.netty.channel.AbstractChannelHandlerContext.invokeWrite0(AbstractChannelHandlerContext.java:893) [netty-transport-4.1.118.Final.jar:?]
	at knot/io.netty.channel.AbstractChannelHandlerContext.invokeWrite(AbstractChannelHandlerContext.java:875) [netty-transport-4.1.118.Final.jar:?]
	at knot/io.netty.channel.AbstractChannelHandlerContext.write(AbstractChannelHandlerContext.java:984) [netty-transport-4.1.118.Final.jar:?]
	at knot/io.netty.channel.AbstractChannelHandlerContext.write(AbstractChannelHandlerContext.java:868) [netty-transport-4.1.118.Final.jar:?]
	at knot/io.netty.channel.ChannelOutboundHandlerAdapter.write(ChannelOutboundHandlerAdapter.java:113) [netty-transport-4.1.118.Final.jar:?]
	at knot/net.minecraft.class_2535$2.write(class_2535.java:524) [server-intermediary.jar:?]
	at knot/io.netty.channel.AbstractChannelHandlerContext.invokeWrite0(AbstractChannelHandlerContext.java:893) [netty-transport-4.1.118.Final.jar:?]
	at knot/io.netty.channel.AbstractChannelHandlerContext.invokeWriteAndFlush(AbstractChannelHandlerContext.java:956) [netty-transport-4.1.118.Final.jar:?]
	at knot/io.netty.channel.AbstractChannelHandlerContext.write(AbstractChannelHandlerContext.java:982) [netty-transport-4.1.118.Final.jar:?]
	at knot/io.netty.channel.AbstractChannelHandlerContext.writeAndFlush(AbstractChannelHandlerContext.java:950) [netty-transport-4.1.118.Final.jar:?]
	at knot/io.netty.channel.AbstractChannelHandlerContext.writeAndFlush(AbstractChannelHandlerContext.java:1000) [netty-transport-4.1.118.Final.jar:?]
	at knot/io.netty.channel.DefaultChannelPipeline.writeAndFlush(DefaultChannelPipeline.java:974) [netty-transport-4.1.118.Final.jar:?]
	at knot/io.netty.channel.AbstractChannel.writeAndFlush(AbstractChannel.java:305) [netty-transport-4.1.118.Final.jar:?]
	at knot/net.minecraft.class_2535.method_36942(class_2535.java:350) [server-intermediary.jar:?]
	at knot/net.minecraft.class_2535.method_10764(class_2535.java:342) [server-intermediary.jar:?]
	at knot/net.minecraft.class_2535.method_52906(class_2535.java:324) [server-intermediary.jar:?]
	at knot/net.minecraft.class_2535.method_10752(class_2535.java:318) [server-intermediary.jar:?]
	at knot/net.minecraft.class_2535.exceptionCaught(class_2535.java:169) [server-intermediary.jar:?]
	at knot/io.netty.channel.AbstractChannelHandlerContext.invokeExceptionCaught(AbstractChannelHandlerContext.java:346) [netty-transport-4.1.118.Final.jar:?]
	at knot/io.netty.channel.AbstractChannelHandlerContext.invokeExceptionCaught(AbstractChannelHandlerContext.java:325) [netty-transport-4.1.118.Final.jar:?]
	at knot/io.netty.channel.AbstractChannelHandlerContext.fireExceptionCaught(AbstractChannelHandlerContext.java:317) [netty-transport-4.1.118.Final.jar:?]
	at knot/io.netty.channel.DefaultChannelPipeline$HeadContext.exceptionCaught(DefaultChannelPipeline.java:1324) [netty-transport-4.1.118.Final.jar:?]
	at knot/io.netty.channel.AbstractChannelHandlerContext.invokeExceptionCaught(AbstractChannelHandlerContext.java:346) [netty-transport-4.1.118.Final.jar:?]
	at knot/io.netty.channel.AbstractChannelHandlerContext.invokeExceptionCaught(AbstractChannelHandlerContext.java:325) [netty-transport-4.1.118.Final.jar:?]
	at knot/io.netty.channel.DefaultChannelPipeline.fireExceptionCaught(DefaultChannelPipeline.java:856) [netty-transport-4.1.118.Final.jar:?]
	at knot/io.netty.channel.nio.AbstractNioByteChannel$NioByteUnsafe.handleReadException(AbstractNioByteChannel.java:125) [netty-transport-4.1.118.Final.jar:?]
	at knot/io.netty.channel.nio.AbstractNioByteChannel$NioByteUnsafe.read(AbstractNioByteChannel.java:177) [netty-transport-4.1.118.Final.jar:?]
	at knot/io.netty.channel.nio.NioEventLoop.processSelectedKey(NioEventLoop.java:796) [netty-transport-4.1.118.Final.jar:?]
	at knot/io.netty.channel.nio.NioEventLoop.processSelectedKeysOptimized(NioEventLoop.java:732) [netty-transport-4.1.118.Final.jar:?]
	at knot/io.netty.channel.nio.NioEventLoop.processSelectedKeys(NioEventLoop.java:658) [netty-transport-4.1.118.Final.jar:?]
	at knot/io.netty.channel.nio.NioEventLoop.run(NioEventLoop.java:562) [netty-transport-4.1.118.Final.jar:?]
	at knot/io.netty.util.concurrent.SingleThreadEventExecutor$4.run(SingleThreadEventExecutor.java:998) [netty-common-4.1.118.Final.jar:?]
	at knot/io.netty.util.internal.ThreadExecutorMap$2.run(ThreadExecutorMap.java:74) [netty-common-4.1.118.Final.jar:?]
	at java.base/java.lang.Thread.run(Thread.java:1447) [?:?]
[01:25:43] [Server thread/INFO]: SloppyyWaffles drowned
[01:45:15] [Server thread/INFO]: Villager class_1646['Librarian'/141939, l='ServerLevel[world]', x=289.30, y=66.00, z=234.30] died, message: 'Librarian was slain by Vindicator'
[01:50:59] [Server thread/INFO]: Villager class_1646['Librarian'/141935, l='ServerLevel[world]', x=293.30, y=66.00, z=234.30] died, message: 'Librarian was slain by Vindicator'
[01:51:02] [Server thread/INFO]: Villager class_1646['Librarian'/141937, l='ServerLevel[world]', x=295.30, y=66.00, z=234.30] died, message: 'Librarian was slain by Vindicator'
[01:52:35] [Server thread/INFO]: SloppyyWaffles has completed the challenge [Hero of the Village]
[01:55:36] [Server thread/INFO]: SloppyyWaffles has made the advancement [What a Deal!]
[02:49:22] [Server thread/INFO]: SloppyyWaffles lost connection: Disconnected
[02:49:22] [Server thread/INFO]: SloppyyWaffles left the game
[02:50:00] [User Authenticator #20/INFO]: UUID of player SloppyyWaffles is 1a83e627-e4f6-48b0-89d6-e15910fe6072
[02:50:01] [Server thread/INFO]: SloppyyWaffles[/73.208.135.148:55348] logged in with entity id 158687 at (249.14040370461228, 184.0, 283.76249998807907)
[02:50:01] [Server thread/INFO]: SloppyyWaffles joined the game
[03:35:52] [Netty Server IO #11/ERROR]: Error sending packet clientbound/minecraft:disconnect
io.netty.handler.codec.EncoderException: Sending unknown packet 'clientbound/minecraft:disconnect'
	at knot/net.minecraft.class_9136.method_56426(class_9136.java:50) ~[server-intermediary.jar:?]
	at knot/net.minecraft.class_9136.encode(class_9136.java:14) ~[server-intermediary.jar:?]
	at knot/net.minecraft.class_2545.method_10838(class_2545.java:26) [server-intermediary.jar:?]
	at knot/net.minecraft.class_2545.encode(class_2545.java:12) [server-intermediary.jar:?]
	at knot/io.netty.handler.codec.MessageToByteEncoder.write(MessageToByteEncoder.java:107) [netty-codec-4.1.118.Final.jar:?]
	at knot/io.netty.channel.AbstractChannelHandlerContext.invokeWrite0(AbstractChannelHandlerContext.java:893) [netty-transport-4.1.118.Final.jar:?]
	at knot/io.netty.channel.AbstractChannelHandlerContext.invokeWrite(AbstractChannelHandlerContext.java:875) [netty-transport-4.1.118.Final.jar:?]
	at knot/io.netty.channel.AbstractChannelHandlerContext.write(AbstractChannelHandlerContext.java:984) [netty-transport-4.1.118.Final.jar:?]
	at knot/io.netty.channel.AbstractChannelHandlerContext.write(AbstractChannelHandlerContext.java:868) [netty-transport-4.1.118.Final.jar:?]
	at knot/io.netty.channel.ChannelOutboundHandlerAdapter.write(ChannelOutboundHandlerAdapter.java:113) [netty-transport-4.1.118.Final.jar:?]
	at knot/net.minecraft.class_2535$2.write(class_2535.java:524) [server-intermediary.jar:?]
	at knot/io.netty.channel.AbstractChannelHandlerContext.invokeWrite0(AbstractChannelHandlerContext.java:893) [netty-transport-4.1.118.Final.jar:?]
	at knot/io.netty.channel.AbstractChannelHandlerContext.invokeWriteAndFlush(AbstractChannelHandlerContext.java:956) [netty-transport-4.1.118.Final.jar:?]
	at knot/io.netty.channel.AbstractChannelHandlerContext.write(AbstractChannelHandlerContext.java:982) [netty-transport-4.1.118.Final.jar:?]
	at knot/io.netty.channel.AbstractChannelHandlerContext.writeAndFlush(AbstractChannelHandlerContext.java:950) [netty-transport-4.1.118.Final.jar:?]
	at knot/io.netty.channel.AbstractChannelHandlerContext.writeAndFlush(AbstractChannelHandlerContext.java:1000) [netty-transport-4.1.118.Final.jar:?]
	at knot/io.netty.channel.DefaultChannelPipeline.writeAndFlush(DefaultChannelPipeline.java:974) [netty-transport-4.1.118.Final.jar:?]
	at knot/io.netty.channel.AbstractChannel.writeAndFlush(AbstractChannel.java:305) [netty-transport-4.1.118.Final.jar:?]
	at knot/net.minecraft.class_2535.method_36942(class_2535.java:350) [server-intermediary.jar:?]
	at knot/net.minecraft.class_2535.method_10764(class_2535.java:342) [server-intermediary.jar:?]
	at knot/net.minecraft.class_2535.method_52906(class_2535.java:324) [server-intermediary.jar:?]
	at knot/net.minecraft.class_2535.method_10752(class_2535.java:318) [server-intermediary.jar:?]
	at knot/net.minecraft.class_2535.exceptionCaught(class_2535.java:169) [server-intermediary.jar:?]
	at knot/io.netty.channel.AbstractChannelHandlerContext.invokeExceptionCaught(AbstractChannelHandlerContext.java:346) [netty-transport-4.1.118.Final.jar:?]
	at knot/io.netty.channel.AbstractChannelHandlerContext.invokeExceptionCaught(AbstractChannelHandlerContext.java:325) [netty-transport-4.1.118.Final.jar:?]
	at knot/io.netty.channel.AbstractChannelHandlerContext.fireExceptionCaught(AbstractChannelHandlerContext.java:317) [netty-transport-4.1.118.Final.jar:?]
	at knot/io.netty.channel.DefaultChannelPipeline$HeadContext.exceptionCaught(DefaultChannelPipeline.java:1324) [netty-transport-4.1.118.Final.jar:?]
	at knot/io.netty.channel.AbstractChannelHandlerContext.invokeExceptionCaught(AbstractChannelHandlerContext.java:346) [netty-transport-4.1.118.Final.jar:?]
	at knot/io.netty.channel.AbstractChannelHandlerContext.invokeExceptionCaught(AbstractChannelHandlerContext.java:325) [netty-transport-4.1.118.Final.jar:?]
	at knot/io.netty.channel.DefaultChannelPipeline.fireExceptionCaught(DefaultChannelPipeline.java:856) [netty-transport-4.1.118.Final.jar:?]
	at knot/io.netty.channel.nio.AbstractNioByteChannel$NioByteUnsafe.handleReadException(AbstractNioByteChannel.java:125) [netty-transport-4.1.118.Final.jar:?]
	at knot/io.netty.channel.nio.AbstractNioByteChannel$NioByteUnsafe.read(AbstractNioByteChannel.java:177) [netty-transport-4.1.118.Final.jar:?]
	at knot/io.netty.channel.nio.NioEventLoop.processSelectedKey(NioEventLoop.java:796) [netty-transport-4.1.118.Final.jar:?]
	at knot/io.netty.channel.nio.NioEventLoop.processSelectedKeysOptimized(NioEventLoop.java:732) [netty-transport-4.1.118.Final.jar:?]
	at knot/io.netty.channel.nio.NioEventLoop.processSelectedKeys(NioEventLoop.java:658) [netty-transport-4.1.118.Final.jar:?]
	at knot/io.netty.channel.nio.NioEventLoop.run(NioEventLoop.java:562) [netty-transport-4.1.118.Final.jar:?]
	at knot/io.netty.util.concurrent.SingleThreadEventExecutor$4.run(SingleThreadEventExecutor.java:998) [netty-common-4.1.118.Final.jar:?]
	at knot/io.netty.util.internal.ThreadExecutorMap$2.run(ThreadExecutorMap.java:74) [netty-common-4.1.118.Final.jar:?]
	at java.base/java.lang.Thread.run(Thread.java:1447) [?:?]
[03:36:18] [Netty Server IO #12/ERROR]: Error sending packet clientbound/minecraft:disconnect
io.netty.handler.codec.EncoderException: Sending unknown packet 'clientbound/minecraft:disconnect'
	at knot/net.minecraft.class_9136.method_56426(class_9136.java:50) ~[server-intermediary.jar:?]
	at knot/net.minecraft.class_9136.encode(class_9136.java:14) ~[server-intermediary.jar:?]
	at knot/net.minecraft.class_2545.method_10838(class_2545.java:26) [server-intermediary.jar:?]
	at knot/net.minecraft.class_2545.encode(class_2545.java:12) [server-intermediary.jar:?]
	at knot/io.netty.handler.codec.MessageToByteEncoder.write(MessageToByteEncoder.java:107) [netty-codec-4.1.118.Final.jar:?]
	at knot/io.netty.channel.AbstractChannelHandlerContext.invokeWrite0(AbstractChannelHandlerContext.java:893) [netty-transport-4.1.118.Final.jar:?]
	at knot/io.netty.channel.AbstractChannelHandlerContext.invokeWrite(AbstractChannelHandlerContext.java:875) [netty-transport-4.1.118.Final.jar:?]
	at knot/io.netty.channel.AbstractChannelHandlerContext.write(AbstractChannelHandlerContext.java:984) [netty-transport-4.1.118.Final.jar:?]
	at knot/io.netty.channel.AbstractChannelHandlerContext.write(AbstractChannelHandlerContext.java:868) [netty-transport-4.1.118.Final.jar:?]
	at knot/io.netty.channel.ChannelOutboundHandlerAdapter.write(ChannelOutboundHandlerAdapter.java:113) [netty-transport-4.1.118.Final.jar:?]
	at knot/net.minecraft.class_2535$2.write(class_2535.java:524) [server-intermediary.jar:?]
	at knot/io.netty.channel.AbstractChannelHandlerContext.invokeWrite0(AbstractChannelHandlerContext.java:893) [netty-transport-4.1.118.Final.jar:?]
	at knot/io.netty.channel.AbstractChannelHandlerContext.invokeWriteAndFlush(AbstractChannelHandlerContext.java:956) [netty-transport-4.1.118.Final.jar:?]
	at knot/io.netty.channel.AbstractChannelHandlerContext.write(AbstractChannelHandlerContext.java:982) [netty-transport-4.1.118.Final.jar:?]
	at knot/io.netty.channel.AbstractChannelHandlerContext.writeAndFlush(AbstractChannelHandlerContext.java:950) [netty-transport-4.1.118.Final.jar:?]
	at knot/io.netty.channel.AbstractChannelHandlerContext.writeAndFlush(AbstractChannelHandlerContext.java:1000) [netty-transport-4.1.118.Final.jar:?]
	at knot/io.netty.channel.DefaultChannelPipeline.writeAndFlush(DefaultChannelPipeline.java:974) [netty-transport-4.1.118.Final.jar:?]
	at knot/io.netty.channel.AbstractChannel.writeAndFlush(AbstractChannel.java:305) [netty-transport-4.1.118.Final.jar:?]
	at knot/net.minecraft.class_2535.method_36942(class_2535.java:350) [server-intermediary.jar:?]
	at knot/net.minecraft.class_2535.method_10764(class_2535.java:342) [server-intermediary.jar:?]
	at knot/net.minecraft.class_2535.method_52906(class_2535.java:324) [server-intermediary.jar:?]
	at knot/net.minecraft.class_2535.method_10752(class_2535.java:318) [server-intermediary.jar:?]
	at knot/net.minecraft.class_2535.exceptionCaught(class_2535.java:169) [server-intermediary.jar:?]
	at knot/io.netty.channel.AbstractChannelHandlerContext.invokeExceptionCaught(AbstractChannelHandlerContext.java:346) [netty-transport-4.1.118.Final.jar:?]
	at knot/io.netty.channel.AbstractChannelHandlerContext.invokeExceptionCaught(AbstractChannelHandlerContext.java:325) [netty-transport-4.1.118.Final.jar:?]
	at knot/io.netty.channel.AbstractChannelHandlerContext.fireExceptionCaught(AbstractChannelHandlerContext.java:317) [netty-transport-4.1.118.Final.jar:?]
	at knot/io.netty.channel.DefaultChannelPipeline$HeadContext.exceptionCaught(DefaultChannelPipeline.java:1324) [netty-transport-4.1.118.Final.jar:?]
	at knot/io.netty.channel.AbstractChannelHandlerContext.invokeExceptionCaught(AbstractChannelHandlerContext.java:346) [netty-transport-4.1.118.Final.jar:?]
	at knot/io.netty.channel.AbstractChannelHandlerContext.invokeExceptionCaught(AbstractChannelHandlerContext.java:325) [netty-transport-4.1.118.Final.jar:?]
	at knot/io.netty.channel.DefaultChannelPipeline.fireExceptionCaught(DefaultChannelPipeline.java:856) [netty-transport-4.1.118.Final.jar:?]
	at knot/io.netty.channel.nio.AbstractNioByteChannel$NioByteUnsafe.handleReadException(AbstractNioByteChannel.java:125) [netty-transport-4.1.118.Final.jar:?]
	at knot/io.netty.channel.nio.AbstractNioByteChannel$NioByteUnsafe.read(AbstractNioByteChannel.java:177) [netty-transport-4.1.118.Final.jar:?]
	at knot/io.netty.channel.nio.NioEventLoop.processSelectedKey(NioEventLoop.java:796) [netty-transport-4.1.118.Final.jar:?]
	at knot/io.netty.channel.nio.NioEventLoop.processSelectedKeysOptimized(NioEventLoop.java:732) [netty-transport-4.1.118.Final.jar:?]
	at knot/io.netty.channel.nio.NioEventLoop.processSelectedKeys(NioEventLoop.java:658) [netty-transport-4.1.118.Final.jar:?]
	at knot/io.netty.channel.nio.NioEventLoop.run(NioEventLoop.java:562) [netty-transport-4.1.118.Final.jar:?]
	at knot/io.netty.util.concurrent.SingleThreadEventExecutor$4.run(SingleThreadEventExecutor.java:998) [netty-common-4.1.118.Final.jar:?]
	at knot/io.netty.util.internal.ThreadExecutorMap$2.run(ThreadExecutorMap.java:74) [netty-common-4.1.118.Final.jar:?]
	at java.base/java.lang.Thread.run(Thread.java:1447) [?:?]
[04:32:51] [Server thread/INFO]: SloppyyWaffles was slain by Vindicator
[04:32:56] [Server thread/INFO]: Villager class_1646['Villager'/179050, l='ServerLevel[world]', x=311.50, y=67.00, z=241.09] died, message: 'Villager was slain by Vindicator'
[04:34:23] [Server thread/INFO]: Villager class_1646['Slave 1'/179057, l='ServerLevel[world]', x=289.30, y=66.00, z=234.30] died, message: 'Slave 1 was slain by Vindicator'
[04:34:23] [Server thread/INFO]: Named entity class_1646['Slave 1'/179057, l='ServerLevel[world]', x=289.30, y=66.00, z=234.30] died: Slave 1 was slain by Vindicator
[04:34:26] [Server thread/INFO]: Villager class_1646['Librarian'/179051, l='ServerLevel[world]', x=291.30, y=66.00, z=234.30] died, message: 'Librarian was slain by Vindicator'
[04:34:29] [Server thread/INFO]: Villager class_1646['Librarian'/179056, l='ServerLevel[world]', x=293.32, y=66.00, z=234.30] died, message: 'Librarian was slain by Vindicator'
[04:34:32] [Server thread/INFO]: Villager class_1646['Librarian'/179055, l='ServerLevel[world]', x=295.30, y=66.00, z=234.30] died, message: 'Librarian was slain by Vindicator'
[05:04:47] [Server thread/INFO]: SloppyyWaffles lost connection: Disconnected
[05:04:47] [Server thread/INFO]: SloppyyWaffles left the game
[06:52:08] [Server thread/INFO]: Flameyx lost connection: Disconnected
[06:52:08] [Server thread/INFO]: Flameyx left the game
[06:53:08] [Server thread/INFO]: Server empty for 60 seconds, pausing
[07:25:46] [Server thread/INFO]: MCScans (/45.148.10.134:44444) lost connection: Disconnected
[10:44:08] [User Authenticator #21/INFO]: UUID of player Flameyx is 076cf67c-ed69-4a07-a63c-89d8dd663d27
[10:44:09] [Server thread/INFO]: Flameyx[/168.91.232.130:53927] logged in with entity id 187155 at (324.69999998807907, 68.0, 55.61348684979009)
[10:44:09] [Server thread/INFO]: Flameyx joined the game
[11:42:34] [Netty Server IO #9/ERROR]: Error sending packet clientbound/minecraft:disconnect
io.netty.handler.codec.EncoderException: Sending unknown packet 'clientbound/minecraft:disconnect'
	at knot/net.minecraft.class_9136.method_56426(class_9136.java:50) ~[server-intermediary.jar:?]
	at knot/net.minecraft.class_9136.encode(class_9136.java:14) ~[server-intermediary.jar:?]
	at knot/net.minecraft.class_2545.method_10838(class_2545.java:26) [server-intermediary.jar:?]
	at knot/net.minecraft.class_2545.encode(class_2545.java:12) [server-intermediary.jar:?]
	at knot/io.netty.handler.codec.MessageToByteEncoder.write(MessageToByteEncoder.java:107) [netty-codec-4.1.118.Final.jar:?]
	at knot/io.netty.channel.AbstractChannelHandlerContext.invokeWrite0(AbstractChannelHandlerContext.java:893) [netty-transport-4.1.118.Final.jar:?]
	at knot/io.netty.channel.AbstractChannelHandlerContext.invokeWrite(AbstractChannelHandlerContext.java:875) [netty-transport-4.1.118.Final.jar:?]
	at knot/io.netty.channel.AbstractChannelHandlerContext.write(AbstractChannelHandlerContext.java:984) [netty-transport-4.1.118.Final.jar:?]
	at knot/io.netty.channel.AbstractChannelHandlerContext.write(AbstractChannelHandlerContext.java:868) [netty-transport-4.1.118.Final.jar:?]
	at knot/io.netty.channel.ChannelOutboundHandlerAdapter.write(ChannelOutboundHandlerAdapter.java:113) [netty-transport-4.1.118.Final.jar:?]
	at knot/net.minecraft.class_2535$2.write(class_2535.java:524) [server-intermediary.jar:?]
	at knot/io.netty.channel.AbstractChannelHandlerContext.invokeWrite0(AbstractChannelHandlerContext.java:893) [netty-transport-4.1.118.Final.jar:?]
	at knot/io.netty.channel.AbstractChannelHandlerContext.invokeWriteAndFlush(AbstractChannelHandlerContext.java:956) [netty-transport-4.1.118.Final.jar:?]
	at knot/io.netty.channel.AbstractChannelHandlerContext.write(AbstractChannelHandlerContext.java:982) [netty-transport-4.1.118.Final.jar:?]
	at knot/io.netty.channel.AbstractChannelHandlerContext.writeAndFlush(AbstractChannelHandlerContext.java:950) [netty-transport-4.1.118.Final.jar:?]
	at knot/io.netty.channel.AbstractChannelHandlerContext.writeAndFlush(AbstractChannelHandlerContext.java:1000) [netty-transport-4.1.118.Final.jar:?]
	at knot/io.netty.channel.DefaultChannelPipeline.writeAndFlush(DefaultChannelPipeline.java:974) [netty-transport-4.1.118.Final.jar:?]
	at knot/io.netty.channel.AbstractChannel.writeAndFlush(AbstractChannel.java:305) [netty-transport-4.1.118.Final.jar:?]
	at knot/net.minecraft.class_2535.method_36942(class_2535.java:350) [server-intermediary.jar:?]
	at knot/net.minecraft.class_2535.method_10764(class_2535.java:342) [server-intermediary.jar:?]
	at knot/net.minecraft.class_2535.method_52906(class_2535.java:324) [server-intermediary.jar:?]
	at knot/net.minecraft.class_2535.method_10752(class_2535.java:318) [server-intermediary.jar:?]
	at knot/net.minecraft.class_2535.exceptionCaught(class_2535.java:169) [server-intermediary.jar:?]
	at knot/io.netty.channel.AbstractChannelHandlerContext.invokeExceptionCaught(AbstractChannelHandlerContext.java:346) [netty-transport-4.1.118.Final.jar:?]
	at knot/io.netty.channel.AbstractChannelHandlerContext.invokeExceptionCaught(AbstractChannelHandlerContext.java:325) [netty-transport-4.1.118.Final.jar:?]
	at knot/io.netty.channel.AbstractChannelHandlerContext.fireExceptionCaught(AbstractChannelHandlerContext.java:317) [netty-transport-4.1.118.Final.jar:?]
	at knot/io.netty.channel.DefaultChannelPipeline$HeadContext.exceptionCaught(DefaultChannelPipeline.java:1324) [netty-transport-4.1.118.Final.jar:?]
	at knot/io.netty.channel.AbstractChannelHandlerContext.invokeExceptionCaught(AbstractChannelHandlerContext.java:346) [netty-transport-4.1.118.Final.jar:?]
	at knot/io.netty.channel.AbstractChannelHandlerContext.invokeExceptionCaught(AbstractChannelHandlerContext.java:325) [netty-transport-4.1.118.Final.jar:?]
	at knot/io.netty.channel.DefaultChannelPipeline.fireExceptionCaught(DefaultChannelPipeline.java:856) [netty-transport-4.1.118.Final.jar:?]
	at knot/io.netty.channel.nio.AbstractNioByteChannel$NioByteUnsafe.handleReadException(AbstractNioByteChannel.java:125) [netty-transport-4.1.118.Final.jar:?]
	at knot/io.netty.channel.nio.AbstractNioByteChannel$NioByteUnsafe.read(AbstractNioByteChannel.java:177) [netty-transport-4.1.118.Final.jar:?]
	at knot/io.netty.channel.nio.NioEventLoop.processSelectedKey(NioEventLoop.java:796) [netty-transport-4.1.118.Final.jar:?]
	at knot/io.netty.channel.nio.NioEventLoop.processSelectedKeysOptimized(NioEventLoop.java:732) [netty-transport-4.1.118.Final.jar:?]
	at knot/io.netty.channel.nio.NioEventLoop.processSelectedKeys(NioEventLoop.java:658) [netty-transport-4.1.118.Final.jar:?]
	at knot/io.netty.channel.nio.NioEventLoop.run(NioEventLoop.java:562) [netty-transport-4.1.118.Final.jar:?]
	at knot/io.netty.util.concurrent.SingleThreadEventExecutor$4.run(SingleThreadEventExecutor.java:998) [netty-common-4.1.118.Final.jar:?]
	at knot/io.netty.util.internal.ThreadExecutorMap$2.run(ThreadExecutorMap.java:74) [netty-common-4.1.118.Final.jar:?]
	at java.base/java.lang.Thread.run(Thread.java:1447) [?:?]
[12:40:57] [Netty Server IO #7/ERROR]: Error sending packet clientbound/minecraft:disconnect
io.netty.handler.codec.EncoderException: Sending unknown packet 'clientbound/minecraft:disconnect'
	at knot/net.minecraft.class_9136.method_56426(class_9136.java:50) ~[server-intermediary.jar:?]
	at knot/net.minecraft.class_9136.encode(class_9136.java:14) ~[server-intermediary.jar:?]
	at knot/net.minecraft.class_2545.method_10838(class_2545.java:26) [server-intermediary.jar:?]
	at knot/net.minecraft.class_2545.encode(class_2545.java:12) [server-intermediary.jar:?]
	at knot/io.netty.handler.codec.MessageToByteEncoder.write(MessageToByteEncoder.java:107) [netty-codec-4.1.118.Final.jar:?]
	at knot/io.netty.channel.AbstractChannelHandlerContext.invokeWrite0(AbstractChannelHandlerContext.java:893) [netty-transport-4.1.118.Final.jar:?]
	at knot/io.netty.channel.AbstractChannelHandlerContext.invokeWrite(AbstractChannelHandlerContext.java:875) [netty-transport-4.1.118.Final.jar:?]
	at knot/io.netty.channel.AbstractChannelHandlerContext.write(AbstractChannelHandlerContext.java:984) [netty-transport-4.1.118.Final.jar:?]
	at knot/io.netty.channel.AbstractChannelHandlerContext.write(AbstractChannelHandlerContext.java:868) [netty-transport-4.1.118.Final.jar:?]
	at knot/io.netty.channel.ChannelOutboundHandlerAdapter.write(ChannelOutboundHandlerAdapter.java:113) [netty-transport-4.1.118.Final.jar:?]
	at knot/net.minecraft.class_2535$2.write(class_2535.java:524) [server-intermediary.jar:?]
	at knot/io.netty.channel.AbstractChannelHandlerContext.invokeWrite0(AbstractChannelHandlerContext.java:893) [netty-transport-4.1.118.Final.jar:?]
	at knot/io.netty.channel.AbstractChannelHandlerContext.invokeWriteAndFlush(AbstractChannelHandlerContext.java:956) [netty-transport-4.1.118.Final.jar:?]
	at knot/io.netty.channel.AbstractChannelHandlerContext.write(AbstractChannelHandlerContext.java:982) [netty-transport-4.1.118.Final.jar:?]
	at knot/io.netty.channel.AbstractChannelHandlerContext.writeAndFlush(AbstractChannelHandlerContext.java:950) [netty-transport-4.1.118.Final.jar:?]
	at knot/io.netty.channel.AbstractChannelHandlerContext.writeAndFlush(AbstractChannelHandlerContext.java:1000) [netty-transport-4.1.118.Final.jar:?]
	at knot/io.netty.channel.DefaultChannelPipeline.writeAndFlush(DefaultChannelPipeline.java:974) [netty-transport-4.1.118.Final.jar:?]
	at knot/io.netty.channel.AbstractChannel.writeAndFlush(AbstractChannel.java:305) [netty-transport-4.1.118.Final.jar:?]
	at knot/net.minecraft.class_2535.method_36942(class_2535.java:350) [server-intermediary.jar:?]
	at knot/net.minecraft.class_2535.method_10764(class_2535.java:342) [server-intermediary.jar:?]
	at knot/net.minecraft.class_2535.method_52906(class_2535.java:324) [server-intermediary.jar:?]
	at knot/net.minecraft.class_2535.method_10752(class_2535.java:318) [server-intermediary.jar:?]
	at knot/net.minecraft.class_2535.exceptionCaught(class_2535.java:169) [server-intermediary.jar:?]
	at knot/io.netty.channel.AbstractChannelHandlerContext.invokeExceptionCaught(AbstractChannelHandlerContext.java:346) [netty-transport-4.1.118.Final.jar:?]
	at knot/io.netty.channel.AbstractChannelHandlerContext.invokeExceptionCaught(AbstractChannelHandlerContext.java:325) [netty-transport-4.1.118.Final.jar:?]
	at knot/io.netty.channel.AbstractChannelHandlerContext.fireExceptionCaught(AbstractChannelHandlerContext.java:317) [netty-transport-4.1.118.Final.jar:?]
	at knot/io.netty.channel.DefaultChannelPipeline$HeadContext.exceptionCaught(DefaultChannelPipeline.java:1324) [netty-transport-4.1.118.Final.jar:?]
	at knot/io.netty.channel.AbstractChannelHandlerContext.invokeExceptionCaught(AbstractChannelHandlerContext.java:346) [netty-transport-4.1.118.Final.jar:?]
	at knot/io.netty.channel.AbstractChannelHandlerContext.invokeExceptionCaught(AbstractChannelHandlerContext.java:325) [netty-transport-4.1.118.Final.jar:?]
	at knot/io.netty.channel.DefaultChannelPipeline.fireExceptionCaught(DefaultChannelPipeline.java:856) [netty-transport-4.1.118.Final.jar:?]
	at knot/io.netty.channel.nio.AbstractNioByteChannel$NioByteUnsafe.handleReadException(AbstractNioByteChannel.java:125) [netty-transport-4.1.118.Final.jar:?]
	at knot/io.netty.channel.nio.AbstractNioByteChannel$NioByteUnsafe.read(AbstractNioByteChannel.java:177) [netty-transport-4.1.118.Final.jar:?]
	at knot/io.netty.channel.nio.NioEventLoop.processSelectedKey(NioEventLoop.java:796) [netty-transport-4.1.118.Final.jar:?]
	at knot/io.netty.channel.nio.NioEventLoop.processSelectedKeysOptimized(NioEventLoop.java:732) [netty-transport-4.1.118.Final.jar:?]
	at knot/io.netty.channel.nio.NioEventLoop.processSelectedKeys(NioEventLoop.java:658) [netty-transport-4.1.118.Final.jar:?]
	at knot/io.netty.channel.nio.NioEventLoop.run(NioEventLoop.java:562) [netty-transport-4.1.118.Final.jar:?]
	at knot/io.netty.util.concurrent.SingleThreadEventExecutor$4.run(SingleThreadEventExecutor.java:998) [netty-common-4.1.118.Final.jar:?]
	at knot/io.netty.util.internal.ThreadExecutorMap$2.run(ThreadExecutorMap.java:74) [netty-common-4.1.118.Final.jar:?]
	at java.base/java.lang.Thread.run(Thread.java:1447) [?:?]
[13:13:57] [Netty Server IO #22/ERROR]: Error sending packet clientbound/minecraft:disconnect
io.netty.handler.codec.EncoderException: Sending unknown packet 'clientbound/minecraft:disconnect'
	at knot/net.minecraft.class_9136.method_56426(class_9136.java:50) ~[server-intermediary.jar:?]
	at knot/net.minecraft.class_9136.encode(class_9136.java:14) ~[server-intermediary.jar:?]
	at knot/net.minecraft.class_2545.method_10838(class_2545.java:26) [server-intermediary.jar:?]
	at knot/net.minecraft.class_2545.encode(class_2545.java:12) [server-intermediary.jar:?]
	at knot/io.netty.handler.codec.MessageToByteEncoder.write(MessageToByteEncoder.java:107) [netty-codec-4.1.118.Final.jar:?]
	at knot/io.netty.channel.AbstractChannelHandlerContext.invokeWrite0(AbstractChannelHandlerContext.java:893) [netty-transport-4.1.118.Final.jar:?]
	at knot/io.netty.channel.AbstractChannelHandlerContext.invokeWrite(AbstractChannelHandlerContext.java:875) [netty-transport-4.1.118.Final.jar:?]
	at knot/io.netty.channel.AbstractChannelHandlerContext.write(AbstractChannelHandlerContext.java:984) [netty-transport-4.1.118.Final.jar:?]
	at knot/io.netty.channel.AbstractChannelHandlerContext.write(AbstractChannelHandlerContext.java:868) [netty-transport-4.1.118.Final.jar:?]
	at knot/io.netty.channel.ChannelOutboundHandlerAdapter.write(ChannelOutboundHandlerAdapter.java:113) [netty-transport-4.1.118.Final.jar:?]
	at knot/net.minecraft.class_2535$2.write(class_2535.java:524) [server-intermediary.jar:?]
	at knot/io.netty.channel.AbstractChannelHandlerContext.invokeWrite0(AbstractChannelHandlerContext.java:893) [netty-transport-4.1.118.Final.jar:?]
	at knot/io.netty.channel.AbstractChannelHandlerContext.invokeWriteAndFlush(AbstractChannelHandlerContext.java:956) [netty-transport-4.1.118.Final.jar:?]
	at knot/io.netty.channel.AbstractChannelHandlerContext.write(AbstractChannelHandlerContext.java:982) [netty-transport-4.1.118.Final.jar:?]
	at knot/io.netty.channel.AbstractChannelHandlerContext.writeAndFlush(AbstractChannelHandlerContext.java:950) [netty-transport-4.1.118.Final.jar:?]
	at knot/io.netty.channel.AbstractChannelHandlerContext.writeAndFlush(AbstractChannelHandlerContext.java:1000) [netty-transport-4.1.118.Final.jar:?]
	at knot/io.netty.channel.DefaultChannelPipeline.writeAndFlush(DefaultChannelPipeline.java:974) [netty-transport-4.1.118.Final.jar:?]
	at knot/io.netty.channel.AbstractChannel.writeAndFlush(AbstractChannel.java:305) [netty-transport-4.1.118.Final.jar:?]
	at knot/net.minecraft.class_2535.method_36942(class_2535.java:350) [server-intermediary.jar:?]
	at knot/net.minecraft.class_2535.method_10764(class_2535.java:342) [server-intermediary.jar:?]
	at knot/net.minecraft.class_2535.method_52906(class_2535.java:324) [server-intermediary.jar:?]
	at knot/net.minecraft.class_2535.method_10752(class_2535.java:318) [server-intermediary.jar:?]
	at knot/net.minecraft.class_2535.exceptionCaught(class_2535.java:169) [server-intermediary.jar:?]
	at knot/io.netty.channel.AbstractChannelHandlerContext.invokeExceptionCaught(AbstractChannelHandlerContext.java:346) [netty-transport-4.1.118.Final.jar:?]
	at knot/io.netty.channel.AbstractChannelHandlerContext.invokeExceptionCaught(AbstractChannelHandlerContext.java:325) [netty-transport-4.1.118.Final.jar:?]
	at knot/io.netty.channel.AbstractChannelHandlerContext.fireExceptionCaught(AbstractChannelHandlerContext.java:317) [netty-transport-4.1.118.Final.jar:?]
	at knot/io.netty.channel.DefaultChannelPipeline$HeadContext.exceptionCaught(DefaultChannelPipeline.java:1324) [netty-transport-4.1.118.Final.jar:?]
	at knot/io.netty.channel.AbstractChannelHandlerContext.invokeExceptionCaught(AbstractChannelHandlerContext.java:346) [netty-transport-4.1.118.Final.jar:?]
	at knot/io.netty.channel.AbstractChannelHandlerContext.invokeExceptionCaught(AbstractChannelHandlerContext.java:325) [netty-transport-4.1.118.Final.jar:?]
	at knot/io.netty.channel.DefaultChannelPipeline.fireExceptionCaught(DefaultChannelPipeline.java:856) [netty-transport-4.1.118.Final.jar:?]
	at knot/io.netty.channel.nio.AbstractNioByteChannel$NioByteUnsafe.handleReadException(AbstractNioByteChannel.java:125) [netty-transport-4.1.118.Final.jar:?]
	at knot/io.netty.channel.nio.AbstractNioByteChannel$NioByteUnsafe.read(AbstractNioByteChannel.java:177) [netty-transport-4.1.118.Final.jar:?]
	at knot/io.netty.channel.nio.NioEventLoop.processSelectedKey(NioEventLoop.java:796) [netty-transport-4.1.118.Final.jar:?]
	at knot/io.netty.channel.nio.NioEventLoop.processSelectedKeysOptimized(NioEventLoop.java:732) [netty-transport-4.1.118.Final.jar:?]
	at knot/io.netty.channel.nio.NioEventLoop.processSelectedKeys(NioEventLoop.java:658) [netty-transport-4.1.118.Final.jar:?]
	at knot/io.netty.channel.nio.NioEventLoop.run(NioEventLoop.java:562) [netty-transport-4.1.118.Final.jar:?]
	at knot/io.netty.util.concurrent.SingleThreadEventExecutor$4.run(SingleThreadEventExecutor.java:998) [netty-common-4.1.118.Final.jar:?]
	at knot/io.netty.util.internal.ThreadExecutorMap$2.run(ThreadExecutorMap.java:74) [netty-common-4.1.118.Final.jar:?]
	at java.base/java.lang.Thread.run(Thread.java:1447) [?:?]
[13:24:14] [Server thread/INFO]: Flameyx drowned
[14:40:29] [Netty Server IO #9/ERROR]: Error sending packet clientbound/minecraft:disconnect
io.netty.handler.codec.EncoderException: Sending unknown packet 'clientbound/minecraft:disconnect'
	at knot/net.minecraft.class_9136.method_56426(class_9136.java:50) ~[server-intermediary.jar:?]
	at knot/net.minecraft.class_9136.encode(class_9136.java:14) ~[server-intermediary.jar:?]
	at knot/net.minecraft.class_2545.method_10838(class_2545.java:26) [server-intermediary.jar:?]
	at knot/net.minecraft.class_2545.encode(class_2545.java:12) [server-intermediary.jar:?]
	at knot/io.netty.handler.codec.MessageToByteEncoder.write(MessageToByteEncoder.java:107) [netty-codec-4.1.118.Final.jar:?]
	at knot/io.netty.channel.AbstractChannelHandlerContext.invokeWrite0(AbstractChannelHandlerContext.java:893) [netty-transport-4.1.118.Final.jar:?]
	at knot/io.netty.channel.AbstractChannelHandlerContext.invokeWrite(AbstractChannelHandlerContext.java:875) [netty-transport-4.1.118.Final.jar:?]
	at knot/io.netty.channel.AbstractChannelHandlerContext.write(AbstractChannelHandlerContext.java:984) [netty-transport-4.1.118.Final.jar:?]
	at knot/io.netty.channel.AbstractChannelHandlerContext.write(AbstractChannelHandlerContext.java:868) [netty-transport-4.1.118.Final.jar:?]
	at knot/io.netty.channel.ChannelOutboundHandlerAdapter.write(ChannelOutboundHandlerAdapter.java:113) [netty-transport-4.1.118.Final.jar:?]
	at knot/net.minecraft.class_2535$2.write(class_2535.java:524) [server-intermediary.jar:?]
	at knot/io.netty.channel.AbstractChannelHandlerContext.invokeWrite0(AbstractChannelHandlerContext.java:893) [netty-transport-4.1.118.Final.jar:?]
	at knot/io.netty.channel.AbstractChannelHandlerContext.invokeWriteAndFlush(AbstractChannelHandlerContext.java:956) [netty-transport-4.1.118.Final.jar:?]
	at knot/io.netty.channel.AbstractChannelHandlerContext.write(AbstractChannelHandlerContext.java:982) [netty-transport-4.1.118.Final.jar:?]
	at knot/io.netty.channel.AbstractChannelHandlerContext.writeAndFlush(AbstractChannelHandlerContext.java:950) [netty-transport-4.1.118.Final.jar:?]
	at knot/io.netty.channel.AbstractChannelHandlerContext.writeAndFlush(AbstractChannelHandlerContext.java:1000) [netty-transport-4.1.118.Final.jar:?]
	at knot/io.netty.channel.DefaultChannelPipeline.writeAndFlush(DefaultChannelPipeline.java:974) [netty-transport-4.1.118.Final.jar:?]
	at knot/io.netty.channel.AbstractChannel.writeAndFlush(AbstractChannel.java:305) [netty-transport-4.1.118.Final.jar:?]
	at knot/net.minecraft.class_2535.method_36942(class_2535.java:350) [server-intermediary.jar:?]
	at knot/net.minecraft.class_2535.method_10764(class_2535.java:342) [server-intermediary.jar:?]
	at knot/net.minecraft.class_2535.method_52906(class_2535.java:324) [server-intermediary.jar:?]
	at knot/net.minecraft.class_2535.method_10752(class_2535.java:318) [server-intermediary.jar:?]
	at knot/net.minecraft.class_2535.exceptionCaught(class_2535.java:169) [server-intermediary.jar:?]
	at knot/io.netty.channel.AbstractChannelHandlerContext.invokeExceptionCaught(AbstractChannelHandlerContext.java:346) [netty-transport-4.1.118.Final.jar:?]
	at knot/io.netty.channel.AbstractChannelHandlerContext.invokeExceptionCaught(AbstractChannelHandlerContext.java:325) [netty-transport-4.1.118.Final.jar:?]
	at knot/io.netty.channel.AbstractChannelHandlerContext.fireExceptionCaught(AbstractChannelHandlerContext.java:317) [netty-transport-4.1.118.Final.jar:?]
	at knot/io.netty.channel.DefaultChannelPipeline$HeadContext.exceptionCaught(DefaultChannelPipeline.java:1324) [netty-transport-4.1.118.Final.jar:?]
	at knot/io.netty.channel.AbstractChannelHandlerContext.invokeExceptionCaught(AbstractChannelHandlerContext.java:346) [netty-transport-4.1.118.Final.jar:?]
	at knot/io.netty.channel.AbstractChannelHandlerContext.invokeExceptionCaught(AbstractChannelHandlerContext.java:325) [netty-transport-4.1.118.Final.jar:?]
	at knot/io.netty.channel.DefaultChannelPipeline.fireExceptionCaught(DefaultChannelPipeline.java:856) [netty-transport-4.1.118.Final.jar:?]
	at knot/io.netty.channel.nio.AbstractNioByteChannel$NioByteUnsafe.handleReadException(AbstractNioByteChannel.java:125) [netty-transport-4.1.118.Final.jar:?]
	at knot/io.netty.channel.nio.AbstractNioByteChannel$NioByteUnsafe.read(AbstractNioByteChannel.java:177) [netty-transport-4.1.118.Final.jar:?]
	at knot/io.netty.channel.nio.NioEventLoop.processSelectedKey(NioEventLoop.java:796) [netty-transport-4.1.118.Final.jar:?]
	at knot/io.netty.channel.nio.NioEventLoop.processSelectedKeysOptimized(NioEventLoop.java:732) [netty-transport-4.1.118.Final.jar:?]
	at knot/io.netty.channel.nio.NioEventLoop.processSelectedKeys(NioEventLoop.java:658) [netty-transport-4.1.118.Final.jar:?]
	at knot/io.netty.channel.nio.NioEventLoop.run(NioEventLoop.java:562) [netty-transport-4.1.118.Final.jar:?]
	at knot/io.netty.util.concurrent.SingleThreadEventExecutor$4.run(SingleThreadEventExecutor.java:998) [netty-common-4.1.118.Final.jar:?]
	at knot/io.netty.util.internal.ThreadExecutorMap$2.run(ThreadExecutorMap.java:74) [netty-common-4.1.118.Final.jar:?]
	at java.base/java.lang.Thread.run(Thread.java:1447) [?:?]
[16:02:34] [Netty Server IO #3/ERROR]: Error sending packet clientbound/minecraft:disconnect
io.netty.handler.codec.EncoderException: Sending unknown packet 'clientbound/minecraft:disconnect'
	at knot/net.minecraft.class_9136.method_56426(class_9136.java:50) ~[server-intermediary.jar:?]
	at knot/net.minecraft.class_9136.encode(class_9136.java:14) ~[server-intermediary.jar:?]
	at knot/net.minecraft.class_2545.method_10838(class_2545.java:26) [server-intermediary.jar:?]
	at knot/net.minecraft.class_2545.encode(class_2545.java:12) [server-intermediary.jar:?]
	at knot/io.netty.handler.codec.MessageToByteEncoder.write(MessageToByteEncoder.java:107) [netty-codec-4.1.118.Final.jar:?]
	at knot/io.netty.channel.AbstractChannelHandlerContext.invokeWrite0(AbstractChannelHandlerContext.java:893) [netty-transport-4.1.118.Final.jar:?]
	at knot/io.netty.channel.AbstractChannelHandlerContext.invokeWrite(AbstractChannelHandlerContext.java:875) [netty-transport-4.1.118.Final.jar:?]
	at knot/io.netty.channel.AbstractChannelHandlerContext.write(AbstractChannelHandlerContext.java:984) [netty-transport-4.1.118.Final.jar:?]
	at knot/io.netty.channel.AbstractChannelHandlerContext.write(AbstractChannelHandlerContext.java:868) [netty-transport-4.1.118.Final.jar:?]
	at knot/io.netty.channel.ChannelOutboundHandlerAdapter.write(ChannelOutboundHandlerAdapter.java:113) [netty-transport-4.1.118.Final.jar:?]
	at knot/net.minecraft.class_2535$2.write(class_2535.java:524) [server-intermediary.jar:?]
	at knot/io.netty.channel.AbstractChannelHandlerContext.invokeWrite0(AbstractChannelHandlerContext.java:893) [netty-transport-4.1.118.Final.jar:?]
	at knot/io.netty.channel.AbstractChannelHandlerContext.invokeWriteAndFlush(AbstractChannelHandlerContext.java:956) [netty-transport-4.1.118.Final.jar:?]
	at knot/io.netty.channel.AbstractChannelHandlerContext.write(AbstractChannelHandlerContext.java:982) [netty-transport-4.1.118.Final.jar:?]
	at knot/io.netty.channel.AbstractChannelHandlerContext.writeAndFlush(AbstractChannelHandlerContext.java:950) [netty-transport-4.1.118.Final.jar:?]
	at knot/io.netty.channel.AbstractChannelHandlerContext.writeAndFlush(AbstractChannelHandlerContext.java:1000) [netty-transport-4.1.118.Final.jar:?]
	at knot/io.netty.channel.DefaultChannelPipeline.writeAndFlush(DefaultChannelPipeline.java:974) [netty-transport-4.1.118.Final.jar:?]
	at knot/io.netty.channel.AbstractChannel.writeAndFlush(AbstractChannel.java:305) [netty-transport-4.1.118.Final.jar:?]
	at knot/net.minecraft.class_2535.method_36942(class_2535.java:350) [server-intermediary.jar:?]
	at knot/net.minecraft.class_2535.method_10764(class_2535.java:342) [server-intermediary.jar:?]
	at knot/net.minecraft.class_2535.method_52906(class_2535.java:324) [server-intermediary.jar:?]
	at knot/net.minecraft.class_2535.method_10752(class_2535.java:318) [server-intermediary.jar:?]
	at knot/net.minecraft.class_2535.exceptionCaught(class_2535.java:169) [server-intermediary.jar:?]
	at knot/io.netty.channel.AbstractChannelHandlerContext.invokeExceptionCaught(AbstractChannelHandlerContext.java:346) [netty-transport-4.1.118.Final.jar:?]
	at knot/io.netty.channel.AbstractChannelHandlerContext.invokeExceptionCaught(AbstractChannelHandlerContext.java:325) [netty-transport-4.1.118.Final.jar:?]
	at knot/io.netty.channel.AbstractChannelHandlerContext.fireExceptionCaught(AbstractChannelHandlerContext.java:317) [netty-transport-4.1.118.Final.jar:?]
	at knot/io.netty.channel.DefaultChannelPipeline$HeadContext.exceptionCaught(DefaultChannelPipeline.java:1324) [netty-transport-4.1.118.Final.jar:?]
	at knot/io.netty.channel.AbstractChannelHandlerContext.invokeExceptionCaught(AbstractChannelHandlerContext.java:346) [netty-transport-4.1.118.Final.jar:?]
	at knot/io.netty.channel.AbstractChannelHandlerContext.invokeExceptionCaught(AbstractChannelHandlerContext.java:325) [netty-transport-4.1.118.Final.jar:?]
	at knot/io.netty.channel.DefaultChannelPipeline.fireExceptionCaught(DefaultChannelPipeline.java:856) [netty-transport-4.1.118.Final.jar:?]
	at knot/io.netty.channel.nio.AbstractNioByteChannel$NioByteUnsafe.handleReadException(AbstractNioByteChannel.java:125) [netty-transport-4.1.118.Final.jar:?]
	at knot/io.netty.channel.nio.AbstractNioByteChannel$NioByteUnsafe.read(AbstractNioByteChannel.java:177) [netty-transport-4.1.118.Final.jar:?]
	at knot/io.netty.channel.nio.NioEventLoop.processSelectedKey(NioEventLoop.java:796) [netty-transport-4.1.118.Final.jar:?]
	at knot/io.netty.channel.nio.NioEventLoop.processSelectedKeysOptimized(NioEventLoop.java:732) [netty-transport-4.1.118.Final.jar:?]
	at knot/io.netty.channel.nio.NioEventLoop.processSelectedKeys(NioEventLoop.java:658) [netty-transport-4.1.118.Final.jar:?]
	at knot/io.netty.channel.nio.NioEventLoop.run(NioEventLoop.java:562) [netty-transport-4.1.118.Final.jar:?]
	at knot/io.netty.util.concurrent.SingleThreadEventExecutor$4.run(SingleThreadEventExecutor.java:998) [netty-common-4.1.118.Final.jar:?]
	at knot/io.netty.util.internal.ThreadExecutorMap$2.run(ThreadExecutorMap.java:74) [netty-common-4.1.118.Final.jar:?]
	at java.base/java.lang.Thread.run(Thread.java:1447) [?:?]
[16:33:55] [Netty Server IO #20/ERROR]: Error sending packet clientbound/minecraft:disconnect
io.netty.handler.codec.EncoderException: Sending unknown packet 'clientbound/minecraft:disconnect'
	at knot/net.minecraft.class_9136.method_56426(class_9136.java:50) ~[server-intermediary.jar:?]
	at knot/net.minecraft.class_9136.encode(class_9136.java:14) ~[server-intermediary.jar:?]
	at knot/net.minecraft.class_2545.method_10838(class_2545.java:26) [server-intermediary.jar:?]
	at knot/net.minecraft.class_2545.encode(class_2545.java:12) [server-intermediary.jar:?]
	at knot/io.netty.handler.codec.MessageToByteEncoder.write(MessageToByteEncoder.java:107) [netty-codec-4.1.118.Final.jar:?]
	at knot/io.netty.channel.AbstractChannelHandlerContext.invokeWrite0(AbstractChannelHandlerContext.java:893) [netty-transport-4.1.118.Final.jar:?]
	at knot/io.netty.channel.AbstractChannelHandlerContext.invokeWrite(AbstractChannelHandlerContext.java:875) [netty-transport-4.1.118.Final.jar:?]
	at knot/io.netty.channel.AbstractChannelHandlerContext.write(AbstractChannelHandlerContext.java:984) [netty-transport-4.1.118.Final.jar:?]
	at knot/io.netty.channel.AbstractChannelHandlerContext.write(AbstractChannelHandlerContext.java:868) [netty-transport-4.1.118.Final.jar:?]
	at knot/io.netty.channel.ChannelOutboundHandlerAdapter.write(ChannelOutboundHandlerAdapter.java:113) [netty-transport-4.1.118.Final.jar:?]
	at knot/net.minecraft.class_2535$2.write(class_2535.java:524) [server-intermediary.jar:?]
	at knot/io.netty.channel.AbstractChannelHandlerContext.invokeWrite0(AbstractChannelHandlerContext.java:893) [netty-transport-4.1.118.Final.jar:?]
	at knot/io.netty.channel.AbstractChannelHandlerContext.invokeWriteAndFlush(AbstractChannelHandlerContext.java:956) [netty-transport-4.1.118.Final.jar:?]
	at knot/io.netty.channel.AbstractChannelHandlerContext.write(AbstractChannelHandlerContext.java:982) [netty-transport-4.1.118.Final.jar:?]
	at knot/io.netty.channel.AbstractChannelHandlerContext.writeAndFlush(AbstractChannelHandlerContext.java:950) [netty-transport-4.1.118.Final.jar:?]
	at knot/io.netty.channel.AbstractChannelHandlerContext.writeAndFlush(AbstractChannelHandlerContext.java:1000) [netty-transport-4.1.118.Final.jar:?]
	at knot/io.netty.channel.DefaultChannelPipeline.writeAndFlush(DefaultChannelPipeline.java:974) [netty-transport-4.1.118.Final.jar:?]
	at knot/io.netty.channel.AbstractChannel.writeAndFlush(AbstractChannel.java:305) [netty-transport-4.1.118.Final.jar:?]
	at knot/net.minecraft.class_2535.method_36942(class_2535.java:350) [server-intermediary.jar:?]
	at knot/net.minecraft.class_2535.method_10764(class_2535.java:342) [server-intermediary.jar:?]
	at knot/net.minecraft.class_2535.method_52906(class_2535.java:324) [server-intermediary.jar:?]
	at knot/net.minecraft.class_2535.method_10752(class_2535.java:318) [server-intermediary.jar:?]
	at knot/net.minecraft.class_2535.exceptionCaught(class_2535.java:169) [server-intermediary.jar:?]
	at knot/io.netty.channel.AbstractChannelHandlerContext.invokeExceptionCaught(AbstractChannelHandlerContext.java:346) [netty-transport-4.1.118.Final.jar:?]
	at knot/io.netty.channel.AbstractChannelHandlerContext.invokeExceptionCaught(AbstractChannelHandlerContext.java:325) [netty-transport-4.1.118.Final.jar:?]
	at knot/io.netty.channel.AbstractChannelHandlerContext.fireExceptionCaught(AbstractChannelHandlerContext.java:317) [netty-transport-4.1.118.Final.jar:?]
	at knot/io.netty.channel.DefaultChannelPipeline$HeadContext.exceptionCaught(DefaultChannelPipeline.java:1324) [netty-transport-4.1.118.Final.jar:?]
	at knot/io.netty.channel.AbstractChannelHandlerContext.invokeExceptionCaught(AbstractChannelHandlerContext.java:346) [netty-transport-4.1.118.Final.jar:?]
	at knot/io.netty.channel.AbstractChannelHandlerContext.invokeExceptionCaught(AbstractChannelHandlerContext.java:325) [netty-transport-4.1.118.Final.jar:?]
	at knot/io.netty.channel.DefaultChannelPipeline.fireExceptionCaught(DefaultChannelPipeline.java:856) [netty-transport-4.1.118.Final.jar:?]
	at knot/io.netty.channel.nio.AbstractNioByteChannel$NioByteUnsafe.handleReadException(AbstractNioByteChannel.java:125) [netty-transport-4.1.118.Final.jar:?]
	at knot/io.netty.channel.nio.AbstractNioByteChannel$NioByteUnsafe.read(AbstractNioByteChannel.java:177) [netty-transport-4.1.118.Final.jar:?]
	at knot/io.netty.channel.nio.NioEventLoop.processSelectedKey(NioEventLoop.java:796) [netty-transport-4.1.118.Final.jar:?]
	at knot/io.netty.channel.nio.NioEventLoop.processSelectedKeysOptimized(NioEventLoop.java:732) [netty-transport-4.1.118.Final.jar:?]
	at knot/io.netty.channel.nio.NioEventLoop.processSelectedKeys(NioEventLoop.java:658) [netty-transport-4.1.118.Final.jar:?]
	at knot/io.netty.channel.nio.NioEventLoop.run(NioEventLoop.java:562) [netty-transport-4.1.118.Final.jar:?]
	at knot/io.netty.util.concurrent.SingleThreadEventExecutor$4.run(SingleThreadEventExecutor.java:998) [netty-common-4.1.118.Final.jar:?]
	at knot/io.netty.util.internal.ThreadExecutorMap$2.run(ThreadExecutorMap.java:74) [netty-common-4.1.118.Final.jar:?]
	at java.base/java.lang.Thread.run(Thread.java:1447) [?:?]
[18:24:02] [User Authenticator #22/INFO]: UUID of player yNaDez is 62c09531-a59d-4b2e-8605-d00629e39b7a
[18:24:02] [Server thread/INFO]: yNaDez[/71.194.180.124:52764] logged in with entity id 241005 at (189.46439173025084, 79.5, 282.6228667997286)
[18:24:02] [Server thread/INFO]: yNaDez joined the game
[19:03:46] [Server thread/INFO]: Kicked yNaDez: Kicked by an operator
[19:03:46] [Server thread/INFO]: yNaDez lost connection: Kicked by an operator
[19:03:46] [Server thread/INFO]: yNaDez left the game
[19:03:51] [User Authenticator #23/INFO]: UUID of player yNaDez is 62c09531-a59d-4b2e-8605-d00629e39b7a
[19:03:51] [Server thread/INFO]: Kicked Flameyx: Kicked by an operator
[19:03:51] [Server thread/INFO]: Flameyx lost connection: Kicked by an operator
[19:03:51] [Server thread/INFO]: Flameyx left the game
[19:03:51] [Server thread/INFO]: yNaDez[/71.194.180.124:64929] logged in with entity id 249944 at (279.11707860218894, 3.421599998474121, 223.19838114063245)
[19:03:51] [Server thread/INFO]: yNaDez joined the game
[19:03:56] [Server thread/INFO]: Kicked yNaDez: Kicked by an operator
[19:03:56] [Server thread/INFO]: yNaDez lost connection: Kicked by an operator
[19:03:56] [Server thread/INFO]: yNaDez left the game
[19:03:59] [Server thread/INFO]: Stopping the server
[19:03:59] [Server thread/INFO]: Stopping server
[19:03:59] [Server thread/INFO]: Saving players
[19:03:59] [Server thread/INFO]: Saving worlds
[19:03:59] [Server thread/INFO]: Saving chunks for level 'ServerLevel[world]'/minecraft:overworld
[19:03:59] [Server thread/INFO]: Saving chunks for level 'ServerLevel[world]'/minecraft:the_nether
[19:03:59] [Server thread/INFO]: Saving chunks for level 'ServerLevel[world]'/minecraft:the_end
[19:03:59] [Server thread/INFO]: ThreadedAnvilChunkStorage (world): All chunks are saved
[19:03:59] [Server thread/INFO]: ThreadedAnvilChunkStorage (DIM-1): All chunks are saved
[19:03:59] [Server thread/INFO]: ThreadedAnvilChunkStorage (DIM1): All chunks are saved
[19:03:59] [Server thread/INFO]: ThreadedAnvilChunkStorage: All dimensions are saved
